<?xml version="1.0" encoding="UTF-8"?>
<testsuite xmlns:xsi="http://www.w3.org/2001/XMLSchema-instance" xsi:noNamespaceSchemaLocation="https://maven.apache.org/surefire/maven-surefire-plugin/xsd/surefire-test-report-3.0.xsd" version="3.0" name="ComUtilsTest" time="0.313" tests="4" errors="0" skipped="0" failures="0">
  <properties>
[...]
</properties>
  <testcase name="write_read_char_test" classname="ComUtilsTest" time="0.004"/>
  <testcase name="read_variable_string_test" classname="ComUtilsTest" time="0.166"/>
  <testcase name="write_read_byte" classname="ComUtilsTest" time="0.001"/>
  <testcase name="example_test" classname="ComUtilsTest" time="0.094"/>
</testsuite>